  SystemPrototype.cpp
C:\Users\Sbonelo Gubevu\source\repos\Software Project\Software Project\SystemPrototype.h(478,25): warning C4553: '==': result of expression not used; did you intend '='?
C:\Users\Sbonelo Gubevu\source\repos\Software Project\Software Project\SystemPrototype.cpp(7,33): warning C4829: Possibly incorrect parameters to function main. Consider 'int main(Platform::Array<Platform::String^>^ argv)'
C:\Users\Sbonelo Gubevu\source\repos\Software Project\Software Project\SystemPrototype.h(566): warning C4715: 'SoftwareProject::SystemPrototype::armSystem': not all control paths return a value
C:\Users\Sbonelo Gubevu\source\repos\Software Project\Software Project\SystemPrototype.h(606): warning C4715: 'SoftwareProject::SystemPrototype::disarmSystem': not all control paths return a value
C:\Users\Sbonelo Gubevu\source\repos\Software Project\Software Project\SystemPrototype.h(438): warning C4715: 'SoftwareProject::SystemPrototype::ConvertSysStringToStdString': not all control paths return a value
  Starting pass 1
  Processed /DEFAULTLIB:msvcprtd
  Processed /DEFAULTLIB:uuid.lib
  Processed /DEFAULTLIB:comsupp.lib
  Processed /DEFAULTLIB:oleaut32.lib
  Processed /DEFAULTLIB:winmm.lib
  Processed /DEFAULTLIB:MSVCRTD
  Processed /DEFAULTLIB:OLDNAMES
  Processed /DEFAULTLIB:MSVCMRTD.LIB
  Processed /DEFAULTLIB:MSCOREE
  Searching libraries
      Searching C:\Program Files (x86)\Microsoft Visual Studio\2019\Community\VC\Tools\MSVC\14.29.30133\lib\x64\msvcprtd.lib:
      Searching C:\Program Files (x86)\Windows Kits\10\lib\10.0.19041.0\um\x64\uuid.lib:
      Searching C:\Program Files (x86)\Microsoft Visual Studio\2019\Community\VC\Tools\MSVC\14.29.30133\lib\x64\comsupp.lib:
      Searching C:\Program Files (x86)\Windows Kits\10\lib\10.0.19041.0\um\x64\oleaut32.lib:
      Searching C:\Program Files (x86)\Windows Kits\10\lib\10.0.19041.0\um\x64\winmm.lib:
      Searching C:\Program Files (x86)\Microsoft Visual Studio\2019\Community\VC\Tools\MSVC\14.29.30133\lib\x64\MSVCRTD.lib:
        Found "const type_info::`vftable'" (??_7type_info@@6B@)
          Referenced in SystemPrototype.obj
          Loaded MSVCRTD.lib(std_type_info_static.obj)
        Found "public: virtual char const * __cdecl std::exception::what(void)const " (?what@exception@std@@UEBAPEBDXZ)
          Referenced in SystemPrototype.obj
          Loaded MSVCRTD.lib(throw_bad_alloc.obj)
        Found _fltused
          Referenced in SystemPrototype.obj
          Loaded MSVCRTD.lib(fltused.obj)
        Found "void __cdecl operator delete(void *,unsigned __int64)" (??3@YAXPEAX_K@Z)
          Referenced in MSVCRTD.lib(std_type_info_static.obj)
          Referenced in MSVCRTD.lib(throw_bad_alloc.obj)
          Loaded MSVCRTD.lib(delete_scalar_size.obj)
        Found "void __cdecl operator delete(void *)" (??3@YAXPEAX@Z)
          Referenced in MSVCRTD.lib(delete_scalar_size.obj)
          Loaded MSVCRTD.lib(delete_scalar.obj)
      Searching C:\Program Files (x86)\Microsoft Visual Studio\2019\Community\VC\Tools\MSVC\14.29.30133\lib\x64\OLDNAMES.lib:
      Searching C:\Program Files (x86)\Microsoft Visual Studio\2019\Community\VC\Tools\MSVC\14.29.30133\lib\x64\MSVCMRTD.LIB:
        Found "extern "C" void __clrcall ___CxxCallUnwindDtor(void (__clrcall*)(void *),void *)" (?___CxxCallUnwindDtor@@$$J0YMXP6MXPEAX@Z0@Z)
          Referenced in SystemPrototype.obj
          Loaded MSVCMRTD.LIB(managdeh.obj)
        Found "void __clrcall `eh vector destructor iterator'(void *,unsigned __int64,unsigned __int64,void (__clrcall*)(void *))" (??_M@$$FYMXPEAX_K1P6MX0@Z@Z)
          Referenced in SystemPrototype.obj
          Loaded MSVCMRTD.LIB(mehvecdtr.obj)
        Found "extern "C" int __clrcall _atexit_m(void (__clrcall*)(void))" (?_atexit_m@@$$J0YMHP6MXXZ@Z)
          Referenced in SystemPrototype.obj
          Loaded MSVCMRTD.LIB(msilexit.obj)
        Found "?.cctor@@$$FYMXXZ" (?.cctor@@$$FYMXXZ)
          Referenced in MSVCMRTD.LIB(msilexit.obj)
          Referenced in SystemPrototype.obj
          Referenced in .NETFramework,Version=v4.7.2.AssemblyAttributes.obj
          Referenced in MSVCMRTD.LIB(managdeh.obj)
          Referenced in MSVCMRTD.LIB(mehvecdtr.obj)
          Loaded MSVCMRTD.LIB(mstartup.obj)
  Processed /DEFAULTLIB:kernel32.lib
  Processed /DEFAULTLIB:ucrtd.lib
        Found "void __clrcall _initterm_m(void const * (__clrcall*const *)(void),void const * (__clrcall*const *)(void))" (?_initterm_m@@$$FYMXPEBQ6MPEBXXZ0@Z)
          Referenced in MSVCMRTD.LIB(mstartup.obj)
          Loaded MSVCMRTD.LIB(pureMSILcode.obj)
      Searching C:\Program Files (x86)\Windows Kits\NETFXSDK\4.8\lib\um\x64\MSCOREE.lib:
      Searching C:\Program Files (x86)\Windows Kits\10\lib\10.0.19041.0\um\x64\kernel32.lib:
      Searching C:\Program Files (x86)\Windows Kits\10\lib\10.0.19041.0\ucrt\x64\ucrtd.lib:
        Found _free_dbg
          Referenced in MSVCRTD.lib(delete_scalar.obj)
          Loaded ucrtd.lib(ucrtbased.dll)
        Found __IMPORT_DESCRIPTOR_ucrtbased
          Referenced in ucrtd.lib(ucrtbased.dll)
          Loaded ucrtd.lib(ucrtbased.dll)
        Found __NULL_IMPORT_DESCRIPTOR
          Referenced in ucrtd.lib(ucrtbased.dll)
          Loaded ucrtd.lib(ucrtbased.dll)
        Found ucrtbased_NULL_THUNK_DATA
          Referenced in ucrtd.lib(ucrtbased.dll)
          Loaded ucrtd.lib(ucrtbased.dll)
      Searching C:\Program Files (x86)\Microsoft Visual Studio\2019\Community\VC\Tools\MSVC\14.29.30133\lib\x64\msvcprtd.lib:
      Searching C:\Program Files (x86)\Windows Kits\10\lib\10.0.19041.0\um\x64\uuid.lib:
      Searching C:\Program Files (x86)\Microsoft Visual Studio\2019\Community\VC\Tools\MSVC\14.29.30133\lib\x64\comsupp.lib:
      Searching C:\Program Files (x86)\Windows Kits\10\lib\10.0.19041.0\um\x64\oleaut32.lib:
      Searching C:\Program Files (x86)\Windows Kits\10\lib\10.0.19041.0\um\x64\winmm.lib:
      Searching C:\Program Files (x86)\Microsoft Visual Studio\2019\Community\VC\Tools\MSVC\14.29.30133\lib\x64\MSVCRTD.lib:
        Found __scrt_native_dllmain_reason
          Referenced in MSVCMRTD.LIB(mstartup.obj)
          Loaded MSVCRTD.lib(utility.obj)
        Found __xi_a
          Referenced in MSVCMRTD.LIB(mstartup.obj)
          Loaded MSVCRTD.lib(initializers.obj)
   Processed /DISALLOWLIB:msvcrt.lib
   Processed /DISALLOWLIB:libcmt.lib
   Processed /DISALLOWLIB:libcmtd.lib
   Processed /DISALLOWLIB:vcruntime.lib
  Processed /DEFAULTLIB:vcruntimed.lib
   Processed /DISALLOWLIB:libvcruntime.lib
   Processed /DISALLOWLIB:libvcruntimed.lib
   Processed /DISALLOWLIB:ucrt.lib
   Processed /DISALLOWLIB:libucrt.lib
   Processed /DISALLOWLIB:libucrtd.lib
        Found __isa_available_init
          Referenced in MSVCRTD.lib(utility.obj)
          Loaded MSVCRTD.lib(cpu_disp.obj)
        Found _get_startup_argv_mode
          Referenced in MSVCRTD.lib(utility.obj)
          Loaded MSVCRTD.lib(argv_mode.obj)
        Found __scrt_is_ucrt_dll_in_use
          Referenced in MSVCRTD.lib(utility.obj)
          Loaded MSVCRTD.lib(ucrt_detection.obj)
        Found __scrt_fastfail
          Referenced in MSVCRTD.lib(utility.obj)
          Loaded MSVCRTD.lib(utility_desktop.obj)
        Found __guard_dispatch_icall_fptr
          Referenced in MSVCRTD.lib(utility.obj)
          Loaded MSVCRTD.lib(guard_support.obj)
        Found __GSHandlerCheck
          Referenced in MSVCRTD.lib(cpu_disp.obj)
          Loaded MSVCRTD.lib(gshandler.obj)
        Found __security_check_cookie
          Referenced in MSVCRTD.lib(cpu_disp.obj)
          Referenced in MSVCRTD.lib(gshandler.obj)
          Loaded MSVCRTD.lib(amdsecgs.obj)
        Found __security_cookie
          Referenced in MSVCRTD.lib(cpu_disp.obj)
          Referenced in MSVCRTD.lib(amdsecgs.obj)
          Loaded MSVCRTD.lib(gs_cookie.obj)
        Found _guard_dispatch_icall_nop
          Referenced in MSVCRTD.lib(guard_support.obj)
          Loaded MSVCRTD.lib(guard_dispatch.obj)
        Found _guard_xfg_dispatch_icall_nop
          Referenced in MSVCRTD.lib(guard_support.obj)
          Loaded MSVCRTD.lib(guard_xfg_dispatch.obj)
        Found __report_gsfailure
          Referenced in MSVCRTD.lib(amdsecgs.obj)
          Loaded MSVCRTD.lib(gs_report.obj)
      Searching C:\Program Files (x86)\Microsoft Visual Studio\2019\Community\VC\Tools\MSVC\14.29.30133\lib\x64\OLDNAMES.lib:
      Searching C:\Program Files (x86)\Microsoft Visual Studio\2019\Community\VC\Tools\MSVC\14.29.30133\lib\x64\MSVCMRTD.LIB:
      Searching C:\Program Files (x86)\Windows Kits\NETFXSDK\4.8\lib\um\x64\MSCOREE.lib:
      Searching C:\Program Files (x86)\Windows Kits\10\lib\10.0.19041.0\um\x64\kernel32.lib:
        Found __imp_RtlCaptureContext
          Referenced in MSVCRTD.lib(utility_desktop.obj)
          Referenced in MSVCRTD.lib(gs_report.obj)
          Loaded kernel32.lib(KERNEL32.dll)
        Found __imp_RtlLookupFunctionEntry
          Referenced in MSVCRTD.lib(utility_desktop.obj)
          Referenced in MSVCRTD.lib(gs_report.obj)
          Loaded kernel32.lib(KERNEL32.dll)
        Found __imp_RtlVirtualUnwind
          Referenced in MSVCRTD.lib(utility_desktop.obj)
          Referenced in MSVCRTD.lib(gs_report.obj)
          Loaded kernel32.lib(KERNEL32.dll)
        Found __imp_IsDebuggerPresent
          Referenced in MSVCRTD.lib(utility_desktop.obj)
          Loaded kernel32.lib(KERNEL32.dll)
        Found __imp_UnhandledExceptionFilter
          Referenced in MSVCRTD.lib(utility_desktop.obj)
          Referenced in MSVCRTD.lib(gs_report.obj)
          Loaded kernel32.lib(KERNEL32.dll)
        Found __imp_SetUnhandledExceptionFilter
          Referenced in MSVCRTD.lib(utility_desktop.obj)
          Referenced in MSVCRTD.lib(gs_report.obj)
          Loaded kernel32.lib(KERNEL32.dll)
        Found __imp_GetStartupInfoW
          Referenced in MSVCRTD.lib(utility_desktop.obj)
          Loaded kernel32.lib(KERNEL32.dll)
        Found __imp_IsProcessorFeaturePresent
          Referenced in MSVCRTD.lib(utility_desktop.obj)
          Referenced in MSVCRTD.lib(gs_report.obj)
          Loaded kernel32.lib(KERNEL32.dll)
        Found __imp_GetModuleHandleW
          Referenced in MSVCRTD.lib(utility_desktop.obj)
          Loaded kernel32.lib(KERNEL32.dll)
        Found __imp_GetCurrentProcess
          Referenced in MSVCRTD.lib(gs_report.obj)
          Loaded kernel32.lib(KERNEL32.dll)
        Found __imp_TerminateProcess
          Referenced in MSVCRTD.lib(gs_report.obj)
          Loaded kernel32.lib(KERNEL32.dll)
        Found __IMPORT_DESCRIPTOR_KERNEL32
          Referenced in kernel32.lib(KERNEL32.dll)
          Referenced in kernel32.lib(KERNEL32.dll)
          Referenced in kernel32.lib(KERNEL32.dll)
          Referenced in kernel32.lib(KERNEL32.dll)
          Referenced in kernel32.lib(KERNEL32.dll)
          Referenced in kernel32.lib(KERNEL32.dll)
          Referenced in kernel32.lib(KERNEL32.dll)
          Referenced in kernel32.lib(KERNEL32.dll)
          Referenced in kernel32.lib(KERNEL32.dll)
          Referenced in kernel32.lib(KERNEL32.dll)
          Referenced in kernel32.lib(KERNEL32.dll)
          Loaded kernel32.lib(KERNEL32.dll)
        Found KERNEL32_NULL_THUNK_DATA
          Referenced in kernel32.lib(KERNEL32.dll)
          Loaded kernel32.lib(KERNEL32.dll)
      Searching C:\Program Files (x86)\Windows Kits\10\lib\10.0.19041.0\ucrt\x64\ucrtd.lib:
        Found _seh_filter_dll
          Referenced in MSVCRTD.lib(utility.obj)
          Loaded ucrtd.lib(ucrtbased.dll)
        Found _configure_narrow_argv
          Referenced in MSVCRTD.lib(utility.obj)
          Loaded ucrtd.lib(ucrtbased.dll)
        Found _initialize_narrow_environment
          Referenced in MSVCRTD.lib(utility.obj)
          Loaded ucrtd.lib(ucrtbased.dll)
        Found _initialize_onexit_table
          Referenced in MSVCRTD.lib(utility.obj)
          Loaded ucrtd.lib(ucrtbased.dll)
        Found _register_onexit_function
          Referenced in MSVCRTD.lib(utility.obj)
          Loaded ucrtd.lib(ucrtbased.dll)
        Found _execute_onexit_table
          Referenced in MSVCRTD.lib(utility.obj)
          Loaded ucrtd.lib(ucrtbased.dll)
        Found _crt_atexit
          Referenced in MSVCRTD.lib(utility.obj)
          Loaded ucrtd.lib(ucrtbased.dll)
        Found _crt_at_quick_exit
          Referenced in MSVCRTD.lib(utility.obj)
          Loaded ucrtd.lib(ucrtbased.dll)
        Found _cexit
          Referenced in MSVCRTD.lib(utility.obj)
          Loaded ucrtd.lib(ucrtbased.dll)
        Found terminate
          Referenced in MSVCRTD.lib(utility_desktop.obj)
          Loaded ucrtd.lib(ucrtbased.dll)
      Searching C:\Program Files (x86)\Microsoft Visual Studio\2019\Community\VC\Tools\MSVC\14.29.30133\lib\x64\vcruntimed.lib:
        Found __std_exception_copy
          Referenced in MSVCRTD.lib(throw_bad_alloc.obj)
          Loaded vcruntimed.lib(VCRUNTIME140D.dll)
        Found __std_exception_destroy
          Referenced in MSVCRTD.lib(throw_bad_alloc.obj)
          Loaded vcruntimed.lib(VCRUNTIME140D.dll)
        Found _CxxThrowException
          Referenced in MSVCRTD.lib(throw_bad_alloc.obj)
          Loaded vcruntimed.lib(VCRUNTIME140D.dll)
        Found __C_specific_handler
          Referenced in MSVCRTD.lib(utility.obj)
          Loaded vcruntimed.lib(VCRUNTIME140D.dll)
        Found __current_exception
          Referenced in MSVCRTD.lib(utility_desktop.obj)
          Loaded vcruntimed.lib(VCRUNTIME140D.dll)
        Found __current_exception_context
          Referenced in MSVCRTD.lib(utility_desktop.obj)
          Loaded vcruntimed.lib(VCRUNTIME140D.dll)
        Found __IMPORT_DESCRIPTOR_VCRUNTIME140D
          Referenced in vcruntimed.lib(VCRUNTIME140D.dll)
          Referenced in vcruntimed.lib(VCRUNTIME140D.dll)
          Referenced in vcruntimed.lib(VCRUNTIME140D.dll)
          Referenced in vcruntimed.lib(VCRUNTIME140D.dll)
          Referenced in vcruntimed.lib(VCRUNTIME140D.dll)
          Referenced in vcruntimed.lib(VCRUNTIME140D.dll)
          Loaded vcruntimed.lib(VCRUNTIME140D.dll)
        Found VCRUNTIME140D_NULL_THUNK_DATA
          Referenced in vcruntimed.lib(VCRUNTIME140D.dll)
          Loaded vcruntimed.lib(VCRUNTIME140D.dll)
      Searching C:\Program Files (x86)\Microsoft Visual Studio\2019\Community\VC\Tools\MSVC\14.29.30133\lib\x64\msvcprtd.lib:
      Searching C:\Program Files (x86)\Windows Kits\10\lib\10.0.19041.0\um\x64\uuid.lib:
      Searching C:\Program Files (x86)\Microsoft Visual Studio\2019\Community\VC\Tools\MSVC\14.29.30133\lib\x64\comsupp.lib:
      Searching C:\Program Files (x86)\Windows Kits\10\lib\10.0.19041.0\um\x64\oleaut32.lib:
      Searching C:\Program Files (x86)\Windows Kits\10\lib\10.0.19041.0\um\x64\winmm.lib:
      Searching C:\Program Files (x86)\Microsoft Visual Studio\2019\Community\VC\Tools\MSVC\14.29.30133\lib\x64\MSVCRTD.lib:
      Searching C:\Program Files (x86)\Microsoft Visual Studio\2019\Community\VC\Tools\MSVC\14.29.30133\lib\x64\OLDNAMES.lib:
      Searching C:\Program Files (x86)\Microsoft Visual Studio\2019\Community\VC\Tools\MSVC\14.29.30133\lib\x64\MSVCMRTD.LIB:
      Searching C:\Program Files (x86)\Windows Kits\NETFXSDK\4.8\lib\um\x64\MSCOREE.lib:
      Searching C:\Program Files (x86)\Windows Kits\10\lib\10.0.19041.0\um\x64\kernel32.lib:
      Searching C:\Program Files (x86)\Windows Kits\10\lib\10.0.19041.0\ucrt\x64\ucrtd.lib:
  Finished searching libraries
  Searching libraries
      Searching C:\Program Files (x86)\Microsoft Visual Studio\2019\Community\VC\Tools\MSVC\14.29.30133\lib\x64\msvcprtd.lib:
      Searching C:\Program Files (x86)\Windows Kits\10\lib\10.0.19041.0\um\x64\uuid.lib:
      Searching C:\Program Files (x86)\Microsoft Visual Studio\2019\Community\VC\Tools\MSVC\14.29.30133\lib\x64\comsupp.lib:
      Searching C:\Program Files (x86)\Windows Kits\10\lib\10.0.19041.0\um\x64\oleaut32.lib:
      Searching C:\Program Files (x86)\Windows Kits\10\lib\10.0.19041.0\um\x64\winmm.lib:
      Searching C:\Program Files (x86)\Microsoft Visual Studio\2019\Community\VC\Tools\MSVC\14.29.30133\lib\x64\MSVCRTD.lib:
        Found __scrt_stub_for_acrt_initialize
          Loaded MSVCRTD.lib(ucrt_stubs.obj)
      Searching C:\Program Files (x86)\Microsoft Visual Studio\2019\Community\VC\Tools\MSVC\14.29.30133\lib\x64\OLDNAMES.lib:
      Searching C:\Program Files (x86)\Microsoft Visual Studio\2019\Community\VC\Tools\MSVC\14.29.30133\lib\x64\MSVCMRTD.LIB:
      Searching C:\Program Files (x86)\Windows Kits\NETFXSDK\4.8\lib\um\x64\MSCOREE.lib:
      Searching C:\Program Files (x86)\Windows Kits\10\lib\10.0.19041.0\um\x64\kernel32.lib:
      Searching C:\Program Files (x86)\Windows Kits\10\lib\10.0.19041.0\ucrt\x64\ucrtd.lib:
      Searching C:\Program Files (x86)\Microsoft Visual Studio\2019\Community\VC\Tools\MSVC\14.29.30133\lib\x64\vcruntimed.lib:
  Finished searching libraries
  Searching libraries
      Searching C:\Program Files (x86)\Microsoft Visual Studio\2019\Community\VC\Tools\MSVC\14.29.30133\lib\x64\msvcprtd.lib:
      Searching C:\Program Files (x86)\Windows Kits\10\lib\10.0.19041.0\um\x64\uuid.lib:
      Searching C:\Program Files (x86)\Microsoft Visual Studio\2019\Community\VC\Tools\MSVC\14.29.30133\lib\x64\comsupp.lib:
      Searching C:\Program Files (x86)\Windows Kits\10\lib\10.0.19041.0\um\x64\oleaut32.lib:
      Searching C:\Program Files (x86)\Windows Kits\10\lib\10.0.19041.0\um\x64\winmm.lib:
      Searching C:\Program Files (x86)\Microsoft Visual Studio\2019\Community\VC\Tools\MSVC\14.29.30133\lib\x64\MSVCRTD.lib:
      Searching C:\Program Files (x86)\Microsoft Visual Studio\2019\Community\VC\Tools\MSVC\14.29.30133\lib\x64\OLDNAMES.lib:
      Searching C:\Program Files (x86)\Microsoft Visual Studio\2019\Community\VC\Tools\MSVC\14.29.30133\lib\x64\MSVCMRTD.LIB:
      Searching C:\Program Files (x86)\Windows Kits\NETFXSDK\4.8\lib\um\x64\MSCOREE.lib:
      Searching C:\Program Files (x86)\Windows Kits\10\lib\10.0.19041.0\um\x64\kernel32.lib:
      Searching C:\Program Files (x86)\Windows Kits\10\lib\10.0.19041.0\ucrt\x64\ucrtd.lib:
      Searching C:\Program Files (x86)\Microsoft Visual Studio\2019\Community\VC\Tools\MSVC\14.29.30133\lib\x64\vcruntimed.lib:
  Finished searching libraries
  Searching libraries
      Searching C:\Program Files (x86)\Microsoft Visual Studio\2019\Community\VC\Tools\MSVC\14.29.30133\lib\x64\msvcprtd.lib:
      Searching C:\Program Files (x86)\Windows Kits\10\lib\10.0.19041.0\um\x64\uuid.lib:
      Searching C:\Program Files (x86)\Microsoft Visual Studio\2019\Community\VC\Tools\MSVC\14.29.30133\lib\x64\comsupp.lib:
      Searching C:\Program Files (x86)\Windows Kits\10\lib\10.0.19041.0\um\x64\oleaut32.lib:
      Searching C:\Program Files (x86)\Windows Kits\10\lib\10.0.19041.0\um\x64\winmm.lib:
      Searching C:\Program Files (x86)\Microsoft Visual Studio\2019\Community\VC\Tools\MSVC\14.29.30133\lib\x64\MSVCRTD.lib:
      Searching C:\Program Files (x86)\Microsoft Visual Studio\2019\Community\VC\Tools\MSVC\14.29.30133\lib\x64\OLDNAMES.lib:
      Searching C:\Program Files (x86)\Microsoft Visual Studio\2019\Community\VC\Tools\MSVC\14.29.30133\lib\x64\MSVCMRTD.LIB:
      Searching C:\Program Files (x86)\Windows Kits\NETFXSDK\4.8\lib\um\x64\MSCOREE.lib:
      Searching C:\Program Files (x86)\Windows Kits\10\lib\10.0.19041.0\um\x64\kernel32.lib:
      Searching C:\Program Files (x86)\Windows Kits\10\lib\10.0.19041.0\ucrt\x64\ucrtd.lib:
      Searching C:\Program Files (x86)\Microsoft Visual Studio\2019\Community\VC\Tools\MSVC\14.29.30133\lib\x64\vcruntimed.lib:
  Finished searching libraries
  Finished pass 1
  Search transition ??_Eexception@std@@UEAAPEAXI@Z->__t2m@??_Eexception@std@@UEAAPEAXI@Z
  Search transition ?__std_exception_copy@@$$J0YAXPEBU__std_exception_data@@PEAU1@@Z->__std_exception_copy
  Search transition ?__std_exception_destroy@@$$J0YAXPEAU__std_exception_data@@@Z->__std_exception_destroy
  Search transition ??_Ebad_alloc@std@@UEAAPEAXI@Z->__t2m@??_Ebad_alloc@std@@UEAAPEAXI@Z
  Search transition ??_Ebad_array_new_length@std@@UEAAPEAXI@Z->__t2m@??_Ebad_array_new_length@std@@UEAAPEAXI@Z
  Search transition ?__ExceptionPtrDestroy@@$$FYAXPEAX@Z->?__ExceptionPtrDestroy@@YAXPEAX@Z
  Search transition ?__ExceptionPtrCopy@@$$FYAXPEAXPEBX@Z->?__ExceptionPtrCopy@@YAXPEAXPEBX@Z
  Search transition ?_CxxThrowException@@$$J0YAXPEAXPEBU_s__ThrowInfo@@@Z->_CxxThrowException
  Search transition ??2@$$FYAPEAX_K@Z->??2@YAPEAX_K@Z
  Search transition ?_CrtDbgReport@@$$J0YAHHPEBDH00ZZ->_CrtDbgReport
  Search transition ?_invalid_parameter@@$$J0YAXPEB_W00I_K@Z->_invalid_parameter
  Search transition ?_Xlength_error@std@@$$FYAXPEBD@Z->?_Xlength_error@std@@YAXPEBD@Z
  Search transition ??_Eruntime_error@std@@UEAAPEAXI@Z->__t2m@??_Eruntime_error@std@@UEAAPEAXI@Z
  Search transition ??_Erange_error@std@@UEAAPEAXI@Z->__t2m@??_Erange_error@std@@UEAAPEAXI@Z
  Search transition ??_E_System_error@std@@UEAAPEAXI@Z->__t2m@??_E_System_error@std@@UEAAPEAXI@Z
  Search transition ??_Esystem_error@std@@UEAAPEAXI@Z->__t2m@??_Esystem_error@std@@UEAAPEAXI@Z
  Search transition ??_Ebad_cast@std@@UEAAPEAXI@Z->__t2m@??_Ebad_cast@std@@UEAAPEAXI@Z
  Search transition ??_Ebad_weak_ptr@std@@UEAAPEAXI@Z->__t2m@??_Ebad_weak_ptr@std@@UEAAPEAXI@Z
  Search transition ?what@bad_weak_ptr@std@@UEBAPEBDXZ->__t2m@?what@bad_weak_ptr@std@@UEBAPEBDXZ
  Search transition ??_Efailure@ios_base@std@@UEAAPEAXI@Z->__t2m@??_Efailure@ios_base@std@@UEAAPEAXI@Z
  Search transition ?WideCharToMultiByte@@$$J0YAHIKPEB_WHPEADHPEBDPEAH@Z->WideCharToMultiByte
  Search transition ??_V@$$FYAXPEAX@Z->??_V@YAXPEAX@Z
  Search transition ?PlaySoundW@@$$J0YAHPEB_WPEAUHINSTANCE__@@K@Z->PlaySoundW
  Search transition ??_U@$$FYAPEAX_K@Z->??_U@YAPEAX_K@Z
  Search transition ?strlen@@$$J0YA_KPEBD@Z->strlen
  Search transition ?memcpy@@$$J0YAPEAXPEAXPEBX_K@Z->memcpy
  Search transition ?memset@@$$J0YAPEAXPEAXH_K@Z->memset
  Search transition ?memmove@@$$J0YAPEAXPEAXPEBX_K@Z->memmove
  Search transition ??3@$$FYAXPEAX_K@Z->??3@YAXPEAX_K@Z
  Search transition ?memcmp@@$$J0YAHPEBX0_K@Z->memcmp
  Search transition ??0_Lockit@std@@$$FQEAA@H@Z->??0_Lockit@std@@QEAA@H@Z
  Search transition ??1_Lockit@std@@$$FQEAA@XZ->??1_Lockit@std@@QEAA@XZ
  Search transition ?isdigit@@$$J0YAHH@Z->isdigit
  Search transition ?__CxxQueryExceptionSize@@$$J0YAHXZ->__CxxQueryExceptionSize
  Search transition ?__CxxExceptionFilter@@$$J0YAHPEAX0H0@Z->__CxxExceptionFilter
  Search transition ?__CxxRegisterExceptionObject@@$$J0YAHPEAX0@Z->__CxxRegisterExceptionObject
  Search transition ?__CxxDetectRethrow@@$$J0YAHPEAX@Z->__CxxDetectRethrow
  Search transition ?__CxxUnregisterExceptionObject@@$$J0YAXPEAXH@Z->__CxxUnregisterExceptionObject
  Search transition ??_V@$$FYAXPEAX_K@Z->??_V@YAXPEAX_K@Z
  Search transition ?__FrameUnwindFilter@@$$J0YAHPEAU_EXCEPTION_POINTERS@@@Z->__FrameUnwindFilter
  Search transition ?__current_exception@@$$J0YAPEAPEAXXZ->__current_exception
  Search transition ?__current_exception_context@@$$J0YAPEAPEAXXZ->__current_exception_context
  Search transition ?terminate@@$$J0YAXXZ->terminate
  Search transition ?DoNothing@DefaultDomain@<CrtImplementationDetails>@@CAJPEAX@Z->__t2m@?DoNothing@DefaultDomain@<CrtImplementationDetails>@@CAJPEAX@Z
  Search transition ?_cexit@@$$J0YAXXZ->_cexit
  Search transition ?_UninitializeDefaultDomain@LanguageSupport@<CrtImplementationDetails>@@CAJPEAX@Z->__t2m@?_UninitializeDefaultDomain@LanguageSupport@<CrtImplementationDetails>@@CAJPEAX@Z
  Search transition ?__security_init_cookie@@$$J0YAXXZ->__security_init_cookie
  Search transition ?abort@@$$J0YAXXZ->abort
  Search transition ?_getFiberPtrId@@$$FYAPEAXXZ->?_getFiberPtrId@@YAPEAXXZ
  Search transition ?Sleep@@$$J0YAXK@Z->Sleep
  Search transition __vcrt_initialize->__t2m@__vcrt_initialize
  Search transition __vcrt_uninitialize->__t2m@__vcrt_uninitialize
  Search transition __vcrt_uninitialize_critical->__t2m@__vcrt_uninitialize_critical
  Search transition __vcrt_thread_attach->__t2m@__vcrt_thread_attach
  Search transition __vcrt_thread_detach->__t2m@__vcrt_thread_detach
  Search transition _is_c_termination_complete->__t2m@_is_c_termination_complete
  Search transition __acrt_initialize->__t2m@__acrt_initialize
  Search transition __acrt_uninitialize->__t2m@__acrt_uninitialize
  Search transition __acrt_uninitialize_critical->__t2m@__acrt_uninitialize_critical
  Search transition __acrt_thread_attach->__t2m@__acrt_thread_attach
  Search transition __acrt_thread_detach->__t2m@__acrt_thread_detach
  Search transition __scrt_exe_initialize_mta->__t2m@__scrt_exe_initialize_mta
  Searching libraries
      Searching C:\Program Files (x86)\Microsoft Visual Studio\2019\Community\VC\Tools\MSVC\14.29.30133\lib\x64\msvcprtd.lib:
        Found "void __cdecl __ExceptionPtrDestroy(void *)" (?__ExceptionPtrDestroy@@YAXPEAX@Z)
          Loaded msvcprtd.lib(MSVCP140D.dll)
        Found "void __cdecl __ExceptionPtrCopy(void *,void const *)" (?__ExceptionPtrCopy@@YAXPEAXPEBX@Z)
          Loaded msvcprtd.lib(MSVCP140D.dll)
        Found "void __cdecl std::_Xlength_error(char const *)" (?_Xlength_error@std@@YAXPEBD@Z)
          Loaded msvcprtd.lib(MSVCP140D.dll)
        Found "public: __cdecl std::_Lockit::_Lockit(int)" (??0_Lockit@std@@QEAA@H@Z)
          Loaded msvcprtd.lib(MSVCP140D.dll)
        Found "public: __cdecl std::_Lockit::~_Lockit(void)" (??1_Lockit@std@@QEAA@XZ)
          Loaded msvcprtd.lib(MSVCP140D.dll)
        Found __IMPORT_DESCRIPTOR_MSVCP140D
          Referenced in msvcprtd.lib(MSVCP140D.dll)
          Referenced in msvcprtd.lib(MSVCP140D.dll)
          Referenced in msvcprtd.lib(MSVCP140D.dll)
          Referenced in msvcprtd.lib(MSVCP140D.dll)
          Referenced in msvcprtd.lib(MSVCP140D.dll)
          Loaded msvcprtd.lib(MSVCP140D.dll)
        Found MSVCP140D_NULL_THUNK_DATA
          Referenced in msvcprtd.lib(MSVCP140D.dll)
          Loaded msvcprtd.lib(MSVCP140D.dll)
      Searching C:\Program Files (x86)\Windows Kits\10\lib\10.0.19041.0\um\x64\uuid.lib:
      Searching C:\Program Files (x86)\Microsoft Visual Studio\2019\Community\VC\Tools\MSVC\14.29.30133\lib\x64\comsupp.lib:
      Searching C:\Program Files (x86)\Windows Kits\10\lib\10.0.19041.0\um\x64\oleaut32.lib:
      Searching C:\Program Files (x86)\Windows Kits\10\lib\10.0.19041.0\um\x64\winmm.lib:
        Found PlaySoundW
          Loaded winmm.lib(WINMM.dll)
        Found __IMPORT_DESCRIPTOR_WINMM
          Referenced in winmm.lib(WINMM.dll)
          Loaded winmm.lib(WINMM.dll)
        Found WINMM_NULL_THUNK_DATA
          Referenced in winmm.lib(WINMM.dll)
          Loaded winmm.lib(WINMM.dll)
      Searching C:\Program Files (x86)\Microsoft Visual Studio\2019\Community\VC\Tools\MSVC\14.29.30133\lib\x64\MSVCRTD.lib:
        Found "void * __cdecl operator new(unsigned __int64)" (??2@YAPEAX_K@Z)
          Loaded MSVCRTD.lib(new_scalar.obj)
        Found "void __cdecl operator delete[](void *)" (??_V@YAXPEAX@Z)
          Loaded MSVCRTD.lib(delete_array.obj)
        Found "void * __cdecl operator new[](unsigned __int64)" (??_U@YAPEAX_K@Z)
          Loaded MSVCRTD.lib(new_array.obj)
        Found "void __cdecl operator delete[](void *,unsigned __int64)" (??_V@YAXPEAX_K@Z)
          Loaded MSVCRTD.lib(delete_array_size.obj)
        Found __security_init_cookie
          Loaded MSVCRTD.lib(gs_support.obj)
      Searching C:\Program Files (x86)\Microsoft Visual Studio\2019\Community\VC\Tools\MSVC\14.29.30133\lib\x64\OLDNAMES.lib:
      Searching C:\Program Files (x86)\Microsoft Visual Studio\2019\Community\VC\Tools\MSVC\14.29.30133\lib\x64\MSVCMRTD.LIB:
      Searching C:\Program Files (x86)\Windows Kits\NETFXSDK\4.8\lib\um\x64\MSCOREE.lib:
      Searching C:\Program Files (x86)\Windows Kits\10\lib\10.0.19041.0\um\x64\kernel32.lib:
        Found WideCharToMultiByte
          Loaded kernel32.lib(KERNEL32.dll)
        Found Sleep
          Loaded kernel32.lib(KERNEL32.dll)
        Found __imp_QueryPerformanceCounter
          Referenced in MSVCRTD.lib(gs_support.obj)
          Loaded kernel32.lib(KERNEL32.dll)
        Found __imp_GetCurrentProcessId
          Referenced in MSVCRTD.lib(gs_support.obj)
          Loaded kernel32.lib(KERNEL32.dll)
        Found __imp_GetCurrentThreadId
          Referenced in MSVCRTD.lib(gs_support.obj)
          Loaded kernel32.lib(KERNEL32.dll)
        Found __imp_GetSystemTimeAsFileTime
          Referenced in MSVCRTD.lib(gs_support.obj)
          Loaded kernel32.lib(KERNEL32.dll)
      Searching C:\Program Files (x86)\Windows Kits\10\lib\10.0.19041.0\ucrt\x64\ucrtd.lib:
        Found _CrtDbgReport
          Loaded ucrtd.lib(ucrtbased.dll)
        Found _invalid_parameter
          Loaded ucrtd.lib(ucrtbased.dll)
        Found strlen
          Loaded ucrtd.lib(ucrtbased.dll)
        Found memset
          Loaded ucrtd.lib(ucrtbased.dll)
        Found isdigit
          Loaded ucrtd.lib(ucrtbased.dll)
        Found abort
          Loaded ucrtd.lib(ucrtbased.dll)
        Found _callnewh
          Referenced in MSVCRTD.lib(new_scalar.obj)
          Loaded ucrtd.lib(ucrtbased.dll)
        Found malloc
          Referenced in MSVCRTD.lib(new_scalar.obj)
          Loaded ucrtd.lib(ucrtbased.dll)
      Searching C:\Program Files (x86)\Microsoft Visual Studio\2019\Community\VC\Tools\MSVC\14.29.30133\lib\x64\vcruntimed.lib:
        Found memcpy
          Loaded vcruntimed.lib(VCRUNTIME140D.dll)
        Found memmove
          Loaded vcruntimed.lib(VCRUNTIME140D.dll)
        Found memcmp
          Loaded vcruntimed.lib(VCRUNTIME140D.dll)
        Found __CxxQueryExceptionSize
          Loaded vcruntimed.lib(VCRUNTIME140D.dll)
        Found __CxxExceptionFilter
          Loaded vcruntimed.lib(VCRUNTIME140D.dll)
        Found __CxxRegisterExceptionObject
          Loaded vcruntimed.lib(VCRUNTIME140D.dll)
        Found __CxxDetectRethrow
          Loaded vcruntimed.lib(VCRUNTIME140D.dll)
        Found __CxxUnregisterExceptionObject
          Loaded vcruntimed.lib(VCRUNTIME140D.dll)
        Found __FrameUnwindFilter
          Loaded vcruntimed.lib(VCRUNTIME140D.dll)
      Searching C:\Program Files (x86)\Microsoft Visual Studio\2019\Community\VC\Tools\MSVC\14.29.30133\lib\x64\msvcprtd.lib:
      Searching C:\Program Files (x86)\Windows Kits\10\lib\10.0.19041.0\um\x64\uuid.lib:
      Searching C:\Program Files (x86)\Microsoft Visual Studio\2019\Community\VC\Tools\MSVC\14.29.30133\lib\x64\comsupp.lib:
      Searching C:\Program Files (x86)\Windows Kits\10\lib\10.0.19041.0\um\x64\oleaut32.lib:
      Searching C:\Program Files (x86)\Windows Kits\10\lib\10.0.19041.0\um\x64\winmm.lib:
      Searching C:\Program Files (x86)\Microsoft Visual Studio\2019\Community\VC\Tools\MSVC\14.29.30133\lib\x64\MSVCRTD.lib:
      Searching C:\Program Files (x86)\Microsoft Visual Studio\2019\Community\VC\Tools\MSVC\14.29.30133\lib\x64\OLDNAMES.lib:
      Searching C:\Program Files (x86)\Microsoft Visual Studio\2019\Community\VC\Tools\MSVC\14.29.30133\lib\x64\MSVCMRTD.LIB:
      Searching C:\Program Files (x86)\Windows Kits\NETFXSDK\4.8\lib\um\x64\MSCOREE.lib:
      Searching C:\Program Files (x86)\Windows Kits\10\lib\10.0.19041.0\um\x64\kernel32.lib:
      Searching C:\Program Files (x86)\Windows Kits\10\lib\10.0.19041.0\ucrt\x64\ucrtd.lib:
  Finished searching libraries
  Search transition __vcrt_initialize->__t2m@__vcrt_initialize
  Search transition __vcrt_uninitialize->__t2m@__vcrt_uninitialize
  Search transition __vcrt_uninitialize_critical->__t2m@__vcrt_uninitialize_critical
  Search transition __vcrt_thread_attach->__t2m@__vcrt_thread_attach
  Search transition __vcrt_thread_detach->__t2m@__vcrt_thread_detach
  Search transition _is_c_termination_complete->__t2m@_is_c_termination_complete
  Search transition __acrt_initialize->__t2m@__acrt_initialize
  Search transition __acrt_uninitialize->__t2m@__acrt_uninitialize
  Search transition __acrt_uninitialize_critical->__t2m@__acrt_uninitialize_critical
  Search transition __acrt_thread_attach->__t2m@__acrt_thread_attach
  Search transition __acrt_thread_detach->__t2m@__acrt_thread_detach
  Search transition __scrt_exe_initialize_mta->__t2m@__scrt_exe_initialize_mta
  Merging metadata
  Finished merging metadata
  Searching libraries
      Searching C:\Program Files (x86)\Microsoft Visual Studio\2019\Community\VC\Tools\MSVC\14.29.30133\lib\x64\msvcprtd.lib:
      Searching C:\Program Files (x86)\Windows Kits\10\lib\10.0.19041.0\um\x64\uuid.lib:
      Searching C:\Program Files (x86)\Microsoft Visual Studio\2019\Community\VC\Tools\MSVC\14.29.30133\lib\x64\comsupp.lib:
      Searching C:\Program Files (x86)\Windows Kits\10\lib\10.0.19041.0\um\x64\oleaut32.lib:
      Searching C:\Program Files (x86)\Windows Kits\10\lib\10.0.19041.0\um\x64\winmm.lib:
      Searching C:\Program Files (x86)\Microsoft Visual Studio\2019\Community\VC\Tools\MSVC\14.29.30133\lib\x64\MSVCRTD.lib:
      Searching C:\Program Files (x86)\Microsoft Visual Studio\2019\Community\VC\Tools\MSVC\14.29.30133\lib\x64\OLDNAMES.lib:
      Searching C:\Program Files (x86)\Microsoft Visual Studio\2019\Community\VC\Tools\MSVC\14.29.30133\lib\x64\MSVCMRTD.LIB:
      Searching C:\Program Files (x86)\Windows Kits\NETFXSDK\4.8\lib\um\x64\MSCOREE.lib:
        Found _CorExeMain
          Loaded MSCOREE.lib(mscoree.dll)
        Found __IMPORT_DESCRIPTOR_mscoree
          Referenced in MSCOREE.lib(mscoree.dll)
          Loaded MSCOREE.lib(mscoree.dll)
        Found mscoree_NULL_THUNK_DATA
          Referenced in MSCOREE.lib(mscoree.dll)
          Loaded MSCOREE.lib(mscoree.dll)
      Searching C:\Program Files (x86)\Windows Kits\10\lib\10.0.19041.0\um\x64\kernel32.lib:
      Searching C:\Program Files (x86)\Windows Kits\10\lib\10.0.19041.0\ucrt\x64\ucrtd.lib:
      Searching C:\Program Files (x86)\Microsoft Visual Studio\2019\Community\VC\Tools\MSVC\14.29.30133\lib\x64\vcruntimed.lib:
      Searching C:\Program Files (x86)\Microsoft Visual Studio\2019\Community\VC\Tools\MSVC\14.29.30133\lib\x64\msvcprtd.lib:
      Searching C:\Program Files (x86)\Windows Kits\10\lib\10.0.19041.0\um\x64\uuid.lib:
      Searching C:\Program Files (x86)\Microsoft Visual Studio\2019\Community\VC\Tools\MSVC\14.29.30133\lib\x64\comsupp.lib:
      Searching C:\Program Files (x86)\Windows Kits\10\lib\10.0.19041.0\um\x64\oleaut32.lib:
      Searching C:\Program Files (x86)\Windows Kits\10\lib\10.0.19041.0\um\x64\winmm.lib:
      Searching C:\Program Files (x86)\Microsoft Visual Studio\2019\Community\VC\Tools\MSVC\14.29.30133\lib\x64\MSVCRTD.lib:
      Searching C:\Program Files (x86)\Microsoft Visual Studio\2019\Community\VC\Tools\MSVC\14.29.30133\lib\x64\OLDNAMES.lib:
      Searching C:\Program Files (x86)\Microsoft Visual Studio\2019\Community\VC\Tools\MSVC\14.29.30133\lib\x64\MSVCMRTD.LIB:
  Finished searching libraries
  Generating clr ijw/native image
  Searching libraries
      Searching C:\Program Files (x86)\Microsoft Visual Studio\2019\Community\VC\Tools\MSVC\14.29.30133\lib\x64\msvcprtd.lib:
      Searching C:\Program Files (x86)\Windows Kits\10\lib\10.0.19041.0\um\x64\uuid.lib:
      Searching C:\Program Files (x86)\Microsoft Visual Studio\2019\Community\VC\Tools\MSVC\14.29.30133\lib\x64\comsupp.lib:
      Searching C:\Program Files (x86)\Windows Kits\10\lib\10.0.19041.0\um\x64\oleaut32.lib:
      Searching C:\Program Files (x86)\Windows Kits\10\lib\10.0.19041.0\um\x64\winmm.lib:
      Searching C:\Program Files (x86)\Microsoft Visual Studio\2019\Community\VC\Tools\MSVC\14.29.30133\lib\x64\MSVCRTD.lib:
        Found _load_config_used
          Loaded MSVCRTD.lib(loadcfg.obj)
      Searching C:\Program Files (x86)\Microsoft Visual Studio\2019\Community\VC\Tools\MSVC\14.29.30133\lib\x64\OLDNAMES.lib:
      Searching C:\Program Files (x86)\Microsoft Visual Studio\2019\Community\VC\Tools\MSVC\14.29.30133\lib\x64\MSVCMRTD.LIB:
      Searching C:\Program Files (x86)\Windows Kits\NETFXSDK\4.8\lib\um\x64\MSCOREE.lib:
      Searching C:\Program Files (x86)\Windows Kits\10\lib\10.0.19041.0\um\x64\kernel32.lib:
      Searching C:\Program Files (x86)\Windows Kits\10\lib\10.0.19041.0\ucrt\x64\ucrtd.lib:
      Searching C:\Program Files (x86)\Microsoft Visual Studio\2019\Community\VC\Tools\MSVC\14.29.30133\lib\x64\vcruntimed.lib:
  Finished searching libraries
  Invoking rc.exe:
   /v
   /x
   /fo
   "C:\Users\SBONEL~1\AppData\Local\Temp\lnk{4D8A8F74-D4BE-45ED-8CBC-ACEEB51A7FED}.tmp"
   "C:\Users\SBONEL~1\AppData\Local\Temp\lnk{7155AC72-6534-4C72-B4FF-965D00105D30}.tmp"
  Microsoft (R) Windows (R) Resource Compiler Version 10.0.10011.16384
  
  Copyright (C) Microsoft Corporation.  All rights reserved.
  
  
  Creating C:\Users\SBONEL~1\AppData\Local\Temp\lnk{4D8A8F74-D4BE-45ED-8CBC-ACEEB51A7FED}.tmp
  
  Using codepage 1252 as default
  
  C:\Users\SBONEL~1\AppData\Local\Temp\lnk{7155AC72-6534-4C72-B4FF-965D00105D30}.tmp.
  Writing 24:1,	lang:0x409,	size 381
  Invoking cvtres.exe:
   /machine:amd64
   /verbose
   /out:"C:\Users\SBONEL~1\AppData\Local\Temp\lnk{6FABE704-4460-475F-880C-A7E4C9985583}.tmp"
   /readonly
   "C:\Users\SBONEL~1\AppData\Local\Temp\lnk{4D8A8F74-D4BE-45ED-8CBC-ACEEB51A7FED}.tmp"
  Microsoft (R) Windows Resource To Object Converter Version 14.29.30151.0
  Copyright (C) Microsoft Corporation.  All rights reserved.
  
  adding resource. type:MANIFEST, name:1, language:0x0409, flags:0x30, size:381
  Unused libraries:
    C:\Program Files (x86)\Windows Kits\10\lib\10.0.19041.0\um\x64\uuid.lib
    C:\Program Files (x86)\Microsoft Visual Studio\2019\Community\VC\Tools\MSVC\14.29.30133\lib\x64\comsupp.lib
    C:\Program Files (x86)\Windows Kits\10\lib\10.0.19041.0\um\x64\oleaut32.lib
    C:\Program Files (x86)\Microsoft Visual Studio\2019\Community\VC\Tools\MSVC\14.29.30133\lib\x64\OLDNAMES.lib
  Starting pass 2
       * linker generated manifest res *
       .NETFramework,Version=v4.7.2.AssemblyAttributes.obj
       SystemPrototype.obj
       msvcprtd.lib(MSVCP140D.dll)
       msvcprtd.lib(MSVCP140D.dll)
       msvcprtd.lib(MSVCP140D.dll)
       msvcprtd.lib(MSVCP140D.dll)
       msvcprtd.lib(MSVCP140D.dll)
       msvcprtd.lib(MSVCP140D.dll)
       msvcprtd.lib(MSVCP140D.dll)
       winmm.lib(WINMM.dll)
       winmm.lib(WINMM.dll)
       winmm.lib(WINMM.dll)
       MSVCRTD.lib(amdsecgs.obj)
       MSVCRTD.lib(guard_dispatch.obj)
       MSVCRTD.lib(guard_xfg_dispatch.obj)
       MSVCRTD.lib(gs_cookie.obj)
       MSVCRTD.lib(gs_report.obj)
       MSVCRTD.lib(gs_support.obj)
       MSVCRTD.lib(guard_support.obj)
       MSVCRTD.lib(loadcfg.obj)
       MSVCRTD.lib(ucrt_detection.obj)
       MSVCRTD.lib(cpu_disp.obj)
       MSVCRTD.lib(argv_mode.obj)
       MSVCRTD.lib(fltused.obj)
       MSVCRTD.lib(std_type_info_static.obj)
       MSVCRTD.lib(delete_array.obj)
       MSVCRTD.lib(delete_array_size.obj)
       MSVCRTD.lib(delete_scalar.obj)
       MSVCRTD.lib(delete_scalar_size.obj)
       MSVCRTD.lib(new_array.obj)
       MSVCRTD.lib(new_scalar.obj)
       MSVCRTD.lib(throw_bad_alloc.obj)
       MSVCRTD.lib(initializers.obj)
       MSVCRTD.lib(utility.obj)
       MSVCRTD.lib(ucrt_stubs.obj)
       MSVCRTD.lib(utility_desktop.obj)
       MSVCRTD.lib(gshandler.obj)
       MSVCMRTD.LIB(msilexit.obj)
       MSVCMRTD.LIB(mstartup.obj)
       MSVCMRTD.LIB(pureMSILcode.obj)
       MSVCMRTD.LIB(managdeh.obj)
       MSVCMRTD.LIB(mehvecdtr.obj)
       MSCOREE.lib(mscoree.dll)
       MSCOREE.lib(mscoree.dll)
       MSCOREE.lib(mscoree.dll)
       kernel32.lib(KERNEL32.dll)
       kernel32.lib(KERNEL32.dll)
       kernel32.lib(KERNEL32.dll)
       kernel32.lib(KERNEL32.dll)
       kernel32.lib(KERNEL32.dll)
       kernel32.lib(KERNEL32.dll)
       kernel32.lib(KERNEL32.dll)
       kernel32.lib(KERNEL32.dll)
       kernel32.lib(KERNEL32.dll)
       kernel32.lib(KERNEL32.dll)
       kernel32.lib(KERNEL32.dll)
       kernel32.lib(KERNEL32.dll)
       kernel32.lib(KERNEL32.dll)
       kernel32.lib(KERNEL32.dll)
       kernel32.lib(KERNEL32.dll)
       kernel32.lib(KERNEL32.dll)
       kernel32.lib(KERNEL32.dll)
       kernel32.lib(KERNEL32.dll)
       kernel32.lib(KERNEL32.dll)
       ucrtd.lib(ucrtbased.dll)
       ucrtd.lib(ucrtbased.dll)
       ucrtd.lib(ucrtbased.dll)
       ucrtd.lib(ucrtbased.dll)
       ucrtd.lib(ucrtbased.dll)
       ucrtd.lib(ucrtbased.dll)
       ucrtd.lib(ucrtbased.dll)
       ucrtd.lib(ucrtbased.dll)
       ucrtd.lib(ucrtbased.dll)
       ucrtd.lib(ucrtbased.dll)
       ucrtd.lib(ucrtbased.dll)
       ucrtd.lib(ucrtbased.dll)
       ucrtd.lib(ucrtbased.dll)
       ucrtd.lib(ucrtbased.dll)
       ucrtd.lib(ucrtbased.dll)
       ucrtd.lib(ucrtbased.dll)
       ucrtd.lib(ucrtbased.dll)
       ucrtd.lib(ucrtbased.dll)
       ucrtd.lib(ucrtbased.dll)
       ucrtd.lib(ucrtbased.dll)
       ucrtd.lib(ucrtbased.dll)
       ucrtd.lib(ucrtbased.dll)
       vcruntimed.lib(VCRUNTIME140D.dll)
       vcruntimed.lib(VCRUNTIME140D.dll)
       vcruntimed.lib(VCRUNTIME140D.dll)
       vcruntimed.lib(VCRUNTIME140D.dll)
       vcruntimed.lib(VCRUNTIME140D.dll)
       vcruntimed.lib(VCRUNTIME140D.dll)
       vcruntimed.lib(VCRUNTIME140D.dll)
       vcruntimed.lib(VCRUNTIME140D.dll)
       vcruntimed.lib(VCRUNTIME140D.dll)
       vcruntimed.lib(VCRUNTIME140D.dll)
       vcruntimed.lib(VCRUNTIME140D.dll)
       vcruntimed.lib(VCRUNTIME140D.dll)
       vcruntimed.lib(VCRUNTIME140D.dll)
       vcruntimed.lib(VCRUNTIME140D.dll)
       vcruntimed.lib(VCRUNTIME140D.dll)
       vcruntimed.lib(VCRUNTIME140D.dll)
       vcruntimed.lib(VCRUNTIME140D.dll)
  Finished pass 2
  Failed to connect to VCTIP: 'CreateFile' failed with 2
  Not launching VCTIP: it is flagged as unstable
  Telemetry event upload failed: 'Failed to open connection to VCTIP'
  Software Project.vcxproj -> C:\Users\Sbonelo Gubevu\source\repos\Software Project\x64\Debug\Software Project.exe
